30-Nov-23 16:14:36 - DEBUG - 296 - -1
30-Nov-23 16:14:40 - DEBUG - 371 - (1,5)-(2,4)
30-Nov-23 16:14:40 - DEBUG - 372 - [[(1,1)-(2,0), (1,1)-(2,2)], [(1,3)-(2,2), (1,3)-(2,4)], [(1,5)-(2,4), (1,5)-(2,6)]]
30-Nov-23 16:14:40 - DEBUG - 296 - (5,1)-(4,0)
30-Nov-23 16:14:40 - DEBUG - 300 - child move: 
30-Nov-23 16:14:40 - DEBUG - 301 - (5,1)-(4,0)
30-Nov-23 16:14:40 - DEBUG - 304 - Reassigning root node
30-Nov-23 16:14:40 - DEBUG - 300 - child move: 
30-Nov-23 16:14:40 - DEBUG - 301 - (5,1)-(4,2)
30-Nov-23 16:14:40 - DEBUG - 300 - child move: 
30-Nov-23 16:14:40 - DEBUG - 301 - (5,3)-(4,2)
30-Nov-23 16:14:40 - DEBUG - 300 - child move: 
30-Nov-23 16:14:40 - DEBUG - 301 - (5,3)-(4,4)
30-Nov-23 16:14:40 - DEBUG - 300 - child move: 
30-Nov-23 16:14:40 - DEBUG - 301 - (5,5)-(4,4)
30-Nov-23 16:14:40 - DEBUG - 300 - child move: 
30-Nov-23 16:14:40 - DEBUG - 301 - (5,5)-(4,6)
30-Nov-23 16:14:44 - DEBUG - 371 - (1,1)-(2,0)
30-Nov-23 16:14:44 - DEBUG - 372 - [[(0,4)-(1,5)], [(0,6)-(1,5)], [(1,1)-(2,0), (1,1)-(2,2)], [(1,3)-(2,2)], [(2,4)-(3,3), (2,4)-(3,5)]]
30-Nov-23 16:14:44 - DEBUG - 296 - (5,3)-(4,2)
30-Nov-23 16:14:44 - DEBUG - 300 - child move: 
30-Nov-23 16:14:44 - DEBUG - 301 - (5,1)-(4,0)
30-Nov-23 16:14:44 - DEBUG - 300 - child move: 
30-Nov-23 16:14:44 - DEBUG - 301 - (5,1)-(4,2)
30-Nov-23 16:14:44 - DEBUG - 300 - child move: 
30-Nov-23 16:14:44 - DEBUG - 301 - (5,3)-(4,2)
30-Nov-23 16:14:44 - DEBUG - 304 - Reassigning root node
30-Nov-23 16:14:44 - DEBUG - 300 - child move: 
30-Nov-23 16:14:44 - DEBUG - 301 - (5,3)-(4,4)
30-Nov-23 16:14:44 - DEBUG - 300 - child move: 
30-Nov-23 16:14:44 - DEBUG - 301 - (5,5)-(4,4)
30-Nov-23 16:14:44 - DEBUG - 300 - child move: 
30-Nov-23 16:14:44 - DEBUG - 301 - (5,5)-(4,6)
30-Nov-23 16:14:47 - DEBUG - 371 - (1,1)-(2,2)
30-Nov-23 16:14:47 - DEBUG - 372 - [[(0,0)-(1,1)], [(0,2)-(1,1)], [(0,4)-(1,5)], [(0,6)-(1,5)], [(1,3)-(2,2)], [(2,0)-(3,1)], [(2,4)-(3,3), (2,4)-(3,5)]]
